<?xml version="1.0" encoding="UTF-8"?>
<!-- Generated by org.testng.reporters.JUnitReportReporter -->
<testsuite skipped="4" hostname="Kacode-MacBook-Pro.local" name="testmaster.index" tests="5" failures="0" timestamp="15 Oct 2023 11:14:24 GMT" time="6.877" errors="0">
  <testcase name="testSomethink" time="6.877" classname="testmaster.index"/>
  <testcase name="testCase2" classname="testmaster.index">
    <skipped/>
  </testcase> <!-- testCase2 -->
  <testcase name="testCase1" classname="testmaster.index">
    <skipped/>
  </testcase> <!-- testCase1 -->
  <testcase name="testCase4" classname="testmaster.index">
    <skipped/>
  </testcase> <!-- testCase4 -->
  <testcase name="testCase3" classname="testmaster.index">
    <skipped/>
  </testcase> <!-- testCase3 -->
</testsuite> <!-- testmaster.index -->
